<?xml version="1.0" encoding="UTF-8"?>
<!-- Generated by org.testng.reporters.JUnitXMLReporter -->
<testsuite hostname="LAPTOP-QS2T60H5" ignored="0" name="Regression" tests="8" failures="0" timestamp="2021-02-11T21:37:18 EST" time="0.047" errors="0">
  <testcase name="androidTest" time="0.0" classname="MvnTestPackage.AppiumTest"/>
  <testcase name="mobileTest" time="0.0" classname="MvnTestPackage.AppiumTest"/>
  <testcase name="uiTest" time="0.0" classname="MvnTestPackage.SeleniumTest"/>
  <testcase name="webTest" time="0.0" classname="MvnTestPackage.SeleniumTest"/>
  <testcase name="webTestOne" time="0.0" classname="MvnTestPackage.SeleniumTest"/>
  <testcase name="webTestTwo" time="0.0" classname="MvnTestPackage.SeleniumTest"/>
  <testcase name="getTest" time="0.0" classname="MvnTestPackage.RestAssuredTest"/>
  <testcase name="postTest" time="0.0" classname="MvnTestPackage.RestAssuredTest"/>
</testsuite> <!-- Regression -->
