<?xml version="1.0" encoding="UTF-8"?>
<!-- Generated by org.testng.reporters.JUnitXMLReporter -->
<testsuite hostname="LAPTOP-QS2T60H5" ignored="0" name="Smoke" tests="4" failures="0" timestamp="2021-02-11T21:35:31 EST" time="0.0" errors="0">
  <testcase name="uiTest" time="0.0" classname="MvnTestPackage.SeleniumTest"/>
  <testcase name="webTest" time="0.0" classname="MvnTestPackage.SeleniumTest"/>
  <testcase name="webTestOne" time="0.0" classname="MvnTestPackage.SeleniumTest"/>
  <testcase name="webTestTwo" time="0.0" classname="MvnTestPackage.SeleniumTest"/>
</testsuite> <!-- Smoke -->
